[redescreation.in/index.html]
[backblue.gif]
[fade.gif]
[index.html]
[cdnjs.cloudflare.com/ajax/libs/font-awesome/6.5.0/css/all.min.css]
[cdnjs.cloudflare.com/ajax/libs/remixicon/4.6.0/remixicon.min.css]
[redescreation.in/assets/img/hero-bg.png]
[redescreation.in/assets/favicon-rc-new.png]
[redescreation.in/images/redescreation-logo.png]
[redescreation.in/about.html]
[redescreation.in/portfolio.html]
[redescreation.in/services.html]
[redescreation.in/contact.html]
[redescreation.in/quote.html]
[redescreation.in/assets/hero20-img1.png]
[redescreation.in/assets/about4-image1.webp]
[redescreation.in/assets/about4-image3.webp]
[redescreation.in/assets/choose4-image-768x728.webp]
[redescreation.in/assets/hero4-sec-shape2.webp]
[redescreation.in/assets/home-default-img-1.png]
[redescreation.in/assets/home-default-img-2.png]
[redescreation.in/blogs/index.html]
[redescreation.in/assets/uni-web.png]
[redescreation.in/assets/erp.png]
[redescreation.in/assets/hms.jpg]
[cdn.jsdelivr.net/npm/swiper@11/swiper-bundle.min.css]
[cdn.jsdelivr.net/npm/swiper@11/swiper-bundle.min.js]
[redescreation.in/images/1.jpg]
[redescreation.in/images/2.jpg]
[redescreation.in/images/3.jpg]
[redescreation.in/assets/ceo-bhav.jpg]
[redescreation.in/assets/brands/brahmos-logo.png]
[redescreation.in/assets/brands/bhav-logo.png]
[redescreation.in/assets/brands/mu-logo.png]
[redescreation.in/assets/brands/abunet-logo.png]
[redescreation.in/assets/brands/st-pauls-logo.png]
[redescreation.in/assets/brands/somalal-logo.png]
[redescreation.in/assets/brands/onelife-logo.png]
[redescreation.in/assets/brands/affirmations-logo.png]
[redescreation.in/assets/brands/secrox-logo.png]
[redescreation.in/assets/brands/saini-logo.png]
[creativelogodesign.us/assets/images/ecommerce_logo_maker.png]
[upload.wikimedia.org/wikipedia/commons/thumb/2/27/PHP-logo.svg/2560px-PHP-logo.svg.png]
[upload.wikimedia.org/wikipedia/commons/thumb/3/36/Logo.min.svg/2560px-Logo.min.svg.png]
[upload.wikimedia.org/wikipedia/commons/thumb/0/0e/Shopify_logo_2018.svg/1280px-Shopify_logo_2018.svg.png]
[redescreation.in/index.html]
[redescreation.in/images/cover.html]
[cdnjs.cloudflare.com/ajax/libs/font-awesome/6.5.0/css/all.min.css]
[redescreation.in/index-2.html]
[cdnjs.cloudflare.com/ajax/libs/remixicon/4.6.0/remixicon9711.eot]
[cdnjs.cloudflare.com/ajax/libs/remixicon/4.6.0/remixicon9711.woff2]
[cdnjs.cloudflare.com/ajax/libs/remixicon/4.6.0/remixicon9711.woff]
[cdnjs.cloudflare.com/ajax/libs/remixicon/4.6.0/remixicon9711.ttf]
[cdnjs.cloudflare.com/ajax/libs/remixicon/4.6.0/remixicon.min.css]
[redescreation.in/about.html]
[cdnjs.cloudflare.com/ajax/libs/remixicon/4.6.0/remixicon9711.svg]
[redescreation.in/images/portfolio/brahmos-logistics.jpg]
[redescreation.in/portfolio-post7cda.html]
[redescreation.in/images/project6.jpg]
[redescreation.in/portfolio.html]
[redescreation.in/portfolio-posta468.html]
[redescreation.in/images/mascot.png]
[redescreation.in/web-ai.html]
[redescreation.in/digital-mar.html]
[redescreation.in/graphic_design.html]
[redescreation.in/services.html]
[redescreation.in/blogs/wp-includes/css/dist/block-library/style.min32d4.css]
[redescreation.in/blogs/comments/feed/index.html]
[redescreation.in/blogs/wp-content/themes/news-magazine-x/assets/css/main.mina076.css]
[redescreation.in/blogs/feed/index.html]
[redescreation.in/blogs/wp-content/themes/news-magazine-x/assets/lib/swiper/swiper.min8a9d.css]
[redescreation.in/blogs/wp-includes/js/jquery/jquery.minf43b.js]
[redescreation.in/blogs/wp-includes/js/jquery/jquery-migrate.min5589.js]
[redescreation.in/blogs/xmlrpc0db0.php]
[redescreation.in/blogs/wp-content/uploads/2025/08/cropped-favicon-rc-32x32.png]
[redescreation.in/blogs/wp-json/index.html]
[redescreation.in/blogs/wp-content/uploads/2025/08/cropped-favicon-rc-192x192.png]
[redescreation.in/blogs/wp-content/uploads/2025/08/cropped-favicon-rc-180x180.png]
[redescreation.in/blogs/wp-content/uploads/2025/07/cropped-redes-creation-logo.png]
[redescreation.in/blogs/wp-content/uploads/2025/10/IMG_20251013_143701-736x570.jpg]
[redescreation.in/blogs/wp-content/uploads/2025/10/IMG_20251013_143211-670x370.jpg]
[redescreation.in/blogs/wp-content/uploads/2025/10/e8d7e2aed0302a4b846baefd0610e430-420x280.jpg]
[redescreation.in/blogs/wp-content/uploads/2025/10/IMG_20251013_140900-420x280.jpg]
[redescreation.in/blogs/the-importance-of-ui-ux-for-modern-websites/index.html]
[redescreation.in/blogs/wp-content/uploads/2025/10/IMG_20251013_143701-420x280.jpg]
[redescreation.in/blogs/wp-content/uploads/2025/10/IMG_20251013_143211-420x280.jpg]
[redescreation.in/blogs/wp-content/uploads/2025/10/dfc19b3416fa84cbdc5f7b9b94b599a1-420x280.jpg]
[redescreation.in/blogs/542-2/index.html]
[redescreation.in/blogs/wp-content/uploads/2025/10/e4440efb2c302b307971c8ed0705b0c3-420x280.jpg]
[redescreation.in/blogs/wp-content/uploads/2025/10/499389cbf7b9fa64219e0938b11809e1-420x280.jpg]
[redescreation.in/blogs/538-2/index.html]
[redescreation.in/blogs/wp-content/uploads/2025/10/0e30f363cdab0e498a2ffe3fc5f6a77d-420x280.jpg]
[redescreation.in/blogs/535-2/index.html]
[redescreation.in/blogs/wp-content/uploads/2025/10/f81268012966efa11d0bb4229cb1b3fc-420x280.jpg]
[redescreation.in/blogs/wp-content/uploads/2025/10/56c213bda7421abc52febec85837a33f-420x280.jpg]
[redescreation.in/blogs/data-privacy-in-the-hospitality-industry/index.html]
[redescreation.in/blogs/how-ai-is-revolutionizing-healthcare-management/index.html]
[redescreation.in/blogs/educational-technology-trends-preparing-for-future-learning/index.html]
[redescreation.in/blogs/category/uncategorized/index.html]
[redescreation.in/blogs/wp-content/themes/news-magazine-x/assets/lib/swiper/swiper.min8a9d.js]
[redescreation.in/blogs/wp-content/themes/news-magazine-x/assets/lib/marquee/marquee.mina076.js]
[redescreation.in/blogs/author/siri/index.html]
[redescreation.in/blogs/wp-content/themes/news-magazine-x/assets/lib/tipsy/jquery.tipsy.min4735.js]
[redescreation.in/blogs/index.html]
[redescreation.in/blogs/wp-content/themes/news-magazine-x/assets/js/main.mina076.js]
[redescreation.in/contact.html]
[redescreation.in/blogs/chatbot-integration-for-e-commerce-businesses/index.html]
[redescreation.in/blogs/virtual-tours-for-real-estate-websites/index.html]
[redescreation.in/blogs/the-psychology-of-color-in-web-design/index.html]
[redescreation.in/quote.html]
[redescreation.in/blogs/how-typography-affects-website-readability/index.html]
[cdn.jsdelivr.net/npm/swiper@11/swiper-bundle.min.css]
[redescreation.in/index-2.html]
[redescreation.in/blogs/page/2/index.html]
[redescreation.in/blogs/page/3/index.html]
[redescreation.in/blogs/page/16/index.html]
[cdnjs.cloudflare.com/ajax/libs/remixicon/4.6.0/remixicon9711.svg]
[redescreation.in/portfolio-post7cda.html]
[redescreation.in/portfolio-posta468.html]
[redescreation.in/web-ai.html]
[redescreation.in/digital-mar.html]
[redescreation.in/graphic_design.html]
[redescreation.in/blogs/wp-includes/css/dist/block-library/style.min32d4.css]
[redescreation.in/blogs/wp-content/themes/news-magazine-x/assets/css/main.mina076.css]
[redescreation.in/blogs/wp-content/themes/news-magazine-x/assets/lib/swiper/swiper.min8a9d.css]
[redescreation.in/blogs/wp-json/wp/v2/posts/546.json]
[redescreation.in/blogs/the-importance-of-ui-ux-for-modern-websites/feed/index.html]
[redescreation.in/blogs/wp-json/oembed/1.0/embedbecd.json]
[redescreation.in/blogs/wp-json/oembed/1.0/embed71d0]
[redescreation.in/blogs/wp-content/uploads/2025/10/IMG_20251013_143701.jpg]
[redescreation.in/blogs/wp-content/uploads/2025/10/IMG_20251013_143211-150x150.jpg]
[redescreation.in/blogs/wp-content/uploads/2025/10/IMG_20251013_143211-330x220.jpg]
[redescreation.in/blogs/mid-september-website-performance-review-optimization-tips/index.html]
[redescreation.in/blogs/wp-content/uploads/2025/10/e8d7e2aed0302a4b846baefd0610e430-330x220.jpg]
[redescreation.in/blogs/wp-content/uploads/2025/10/IMG_20251013_140900-330x220.jpg]
[redescreation.in/blogs/wp-includes/js/comment-reply.min32d4.js]
[redescreation.in/blogs/the-importance-of-ui-ux-for-modern-websites/index.html]
[redescreation.in/blogs/wp-content/plugins/akismet/_inc/akismet-frontend2da7.js]
[redescreation.in/blogs/wp-json/wp/v2/posts/542.json]
[redescreation.in/blogs/542-2/feed/index.html]
[redescreation.in/blogs/wp-json/oembed/1.0/embed3322.json]
[redescreation.in/blogs/wp-json/oembed/1.0/embed738d]
[redescreation.in/blogs/wp-content/uploads/2025/10/IMG_20251013_143211.jpg]
[redescreation.in/blogs/wp-content/uploads/2025/10/e8d7e2aed0302a4b846baefd0610e430-150x150.jpg]
[redescreation.in/blogs/wp-content/uploads/2025/10/IMG_20251013_143701-150x150.jpg]
[redescreation.in/blogs/wp-content/uploads/2025/10/IMG_20251013_143701-330x220.jpg]
[redescreation.in/blogs/542-2/index.html]
[redescreation.in/blogs/friday-feature-top-5-erp-software-solutions-for-small-business/index.html]
[redescreation.in/blogs/538-2/feed/index.html]
[redescreation.in/blogs/wp-json/wp/v2/posts/538.json]
[redescreation.in/blogs/wp-json/oembed/1.0/embede73e.json]
[redescreation.in/blogs/wp-json/oembed/1.0/embed4ad1]
[redescreation.in/blogs/wp-content/uploads/2025/10/e8d7e2aed0302a4b846baefd0610e430.jpg]
[redescreation.in/blogs/wp-content/uploads/2025/10/IMG_20251013_140900-150x150.jpg]
[redescreation.in/blogs/538-2/index.html]
[redescreation.in/blogs/wp-json/wp/v2/posts/535.json]
[redescreation.in/blogs/535-2/feed/index.html]
[redescreation.in/blogs/wp-json/oembed/1.0/embed50be.json]
[redescreation.in/blogs/wp-json/oembed/1.0/embed3326]
[redescreation.in/blogs/wp-content/uploads/2025/10/IMG_20251013_140900.jpg]
[redescreation.in/blogs/wp-content/uploads/2025/10/dfc19b3416fa84cbdc5f7b9b94b599a1-150x150.jpg]
[redescreation.in/blogs/535-2/index.html]
[redescreation.in/blogs/wp-json/wp/v2/posts/532.json]
[redescreation.in/blogs/data-privacy-in-the-hospitality-industry/feed/index.html]
[redescreation.in/blogs/wp-json/oembed/1.0/embed852b.json]
[redescreation.in/blogs/wp-json/oembed/1.0/embed10dc]
[redescreation.in/blogs/wp-content/uploads/2025/10/dfc19b3416fa84cbdc5f7b9b94b599a1.jpg]
[redescreation.in/blogs/wp-content/uploads/2025/10/e4440efb2c302b307971c8ed0705b0c3-150x150.jpg]
[redescreation.in/blogs/data-privacy-in-the-hospitality-industry/index.html]
[redescreation.in/blogs/wp-json/wp/v2/posts/529.json]
[redescreation.in/blogs/social-media-advertising-for-educational-services-best-practices/index.html]
[redescreation.in/blogs/wp-json/oembed/1.0/embede8f2.json]
[redescreation.in/blogs/wp-json/oembed/1.0/embed8f80]
[redescreation.in/blogs/wp-content/uploads/2025/10/e4440efb2c302b307971c8ed0705b0c3.jpg]
[redescreation.in/blogs/hospital-management-systems-complete-erp-implementation-guide/index.html]
[redescreation.in/blogs/how-ai-is-revolutionizing-healthcare-management/feed/index.html]
[redescreation.in/blogs/wp-content/uploads/2025/10/499389cbf7b9fa64219e0938b11809e1-150x150.jpg]
[redescreation.in/blogs/how-ai-is-revolutionizing-healthcare-management/index.html]
[redescreation.in/blogs/wp-json/wp/v2/posts/362.json]
[redescreation.in/blogs/educational-technology-trends-preparing-for-future-learning/feed/index.html]
[redescreation.in/blogs/wp-json/oembed/1.0/embed732f.json]
[redescreation.in/blogs/wp-json/oembed/1.0/embed3743]
[redescreation.in/blogs/wp-content/uploads/2025/09/9c6ca5d214720894b9df1715166aa7a5.jpg]
[redescreation.in/blogs/custom-software-development-when-off-the-shelf-isnt-enough/index.html]
[redescreation.in/blogs/wp-content/uploads/2025/09/baf5874bbe27792f82ccfd8c9f60228e-150x150.jpg]
[redescreation.in/blogs/wp-content/uploads/2025/09/IMG_20250917_164314-150x150.jpg]
[redescreation.in/blogs/educational-technology-trends-preparing-for-future-learning/index.html]
[redescreation.in/blogs/wp-json/wp/v2/categories/1.json]
[redescreation.in/blogs/category/uncategorized/index.html]
[redescreation.in/blogs/author/siri/index.html]
[redescreation.in/blogs/category/uncategorized/feed/index.html]
[redescreation.in/blogs/website-loading-speed-core-web-vitals-optimization-guide/index.html]
[redescreation.in/blogs/category/uncategorized/page/2/index.html]
[redescreation.in/blogs/cross-platform-mobile-app-development-native-vs-hybrid/index.html]
[redescreation.in/blogs/category/uncategorized/page/3/index.html]
[redescreation.in/blogs/author/siri/feed/index.html]
[redescreation.in/blogs/category/uncategorized/page/16/index.html]
[redescreation.in/blogs/author/siri/page/2/index.html]
[redescreation.in/blogs/author/siri/page/3/index.html]
[redescreation.in/blogs/author/siri/page/16/index.html]
[redescreation.in/blogs/website-backup-solutions-protecting-your-digital-investment/index.html]
[redescreation.in/blogs/chatbot-integration-for-e-commerce-businesses/feed/index.html]
[redescreation.in/blogs/wp-json/wp/v2/posts/526.json]
[redescreation.in/blogs/wp-json/oembed/1.0/embed9bdf.json]
[redescreation.in/blogs/wp-json/oembed/1.0/embed1382]
[redescreation.in/blogs/wp-content/uploads/2025/10/499389cbf7b9fa64219e0938b11809e1.jpg]
[redescreation.in/blogs/wp-content/uploads/2025/10/0e30f363cdab0e498a2ffe3fc5f6a77d-150x150.jpg]
[redescreation.in/blogs/chatbot-integration-for-e-commerce-businesses/index.html]
[redescreation.in/blogs/wp-json/wp/v2/posts/523.json]
[redescreation.in/blogs/encouraging-digital-transformation-overcoming-business-resistance/index.html]
[redescreation.in/blogs/wp-json/oembed/1.0/embed10f1.json]
[redescreation.in/blogs/wp-json/oembed/1.0/embedb9cd]
[redescreation.in/blogs/wp-content/uploads/2025/10/0e30f363cdab0e498a2ffe3fc5f6a77d.jpg]
[redescreation.in/blogs/wp-content/uploads/2025/10/f81268012966efa11d0bb4229cb1b3fc-150x150.jpg]
[redescreation.in/blogs/virtual-tours-for-real-estate-websites/index.html]
[redescreation.in/blogs/wp-json/wp/v2/posts/520.json]
[redescreation.in/blogs/mobile-first-website-design-essential-for-modern-businesses/index.html]
[redescreation.in/blogs/wp-json/oembed/1.0/embedb153.json]
[redescreation.in/blogs/wp-json/oembed/1.0/embed1f88]
[redescreation.in/blogs/wp-content/uploads/2025/10/f81268012966efa11d0bb4229cb1b3fc.jpg]
[redescreation.in/blogs/wp-content/uploads/2025/10/56c213bda7421abc52febec85837a33f-150x150.jpg]
[redescreation.in/blogs/the-psychology-of-color-in-web-design/index.html]
[redescreation.in/blogs/virtual-tours-for-real-estate-websites/feed/index.html]
[redescreation.in/blogs/peaceful-user-experience-reducing-website-friction-and-frustration/index.html]
[redescreation.in/blogs/wp-json/wp/v2/posts/516.json]
[redescreation.in/blogs/how-typography-affects-website-readability/feed/index.html]
[redescreation.in/blogs/wp-json/oembed/1.0/embedd73c.json]
[redescreation.in/blogs/wp-json/oembed/1.0/embedf077]
[redescreation.in/blogs/wp-content/uploads/2025/10/56c213bda7421abc52febec85837a33f.jpg]
[redescreation.in/blogs/wp-content/uploads/2025/10/37cfe872318ba9c6efa1afa374ae6684-1-150x150.jpg]
[redescreation.in/blogs/how-typography-affects-website-readability/index.html]
[redescreation.in/blogs/wp-content/uploads/2025/10/37cfe872318ba9c6efa1afa374ae6684-1-420x280.jpg]
[redescreation.in/blogs/website-security-essentials-for-2025/index.html]
[redescreation.in/blogs/wp-content/uploads/2025/10/c606bb60fa194320d5b643662e969998-420x280.jpg]
[redescreation.in/blogs/early-halloween-marketing-seasonal-e-commerce-strategies/index.html]
[redescreation.in/blogs/wp-content/uploads/2025/09/bb19aaaab40335f78ee7c6b17c05233a-420x280.jpg]
[redescreation.in/blogs/wp-content/uploads/2025/09/46baed3ae9cd9ef69cba8abadf7aebe0-420x280.jpg]
[redescreation.in/blogs/how-to-protect-your-business-from-ransomware-attacks/index.html]
[redescreation.in/blogs/looking-ahead-october-2025-content-marketing-calendar/index.html]
[redescreation.in/blogs/wp-content/uploads/2025/09/d7c79d258c6b1fefd991b210cbbe0cef-420x280.jpg]
[redescreation.in/blogs/september-wrap-up-key-digital-marketing-lessons-learned/index.html]
[redescreation.in/blogs/wp-content/uploads/2025/09/4efd9f8f8baffb2b154d5353fc517954-420x280.jpg]
[redescreation.in/blogs/wp-content/uploads/2025/09/2c95b999d8c63570e52db737d79de893-420x280.jpg]
[redescreation.in/blogs/podcast-marketing-for-business-building-authority-through-audio/index.html]
[redescreation.in/blogs/wp-content/uploads/2025/09/23fcf911674e0a7eab8d8f2512a344ea-420x280.jpg]
[redescreation.in/blogs/wp-content/uploads/2025/09/6f149fe76fe3fdaf8a2676482e831733-420x280.jpg]
[redescreation.in/blogs/advanced-wordpress-development-custom-themes-vs-page-builders/index.html]
[redescreation.in/blogs/wp-content/uploads/2025/09/bfdccd6e211d0d953f5a44fd7340f7b1-420x280.jpg]
[redescreation.in/blogs/page/2/index.html]
[redescreation.in/blogs/the-psychology-of-color-in-web-design/feed/index.html]
[redescreation.in/blogs/preparing-for-q4-digital-strategy-planning-for-business-growth/index.html]
[redescreation.in/blogs/month-end-review-september-digital-marketing-performance-analysis/index.html]
[redescreation.in/blogs/wp-content/uploads/2025/09/d4067592ba8a8303cc1b4b39700746db-420x280.jpg]
[redescreation.in/blogs/wp-content/uploads/2025/09/b09434efb6127eb9e497732d60bf9edb-420x280.jpg]
[redescreation.in/blogs/wp-content/uploads/2025/09/8176303993019fb8690287c8be3d4089-420x280.jpg]
[redescreation.in/blogs/wp-content/uploads/2025/09/b36f5764a1a0b282b472884343759175-420x280.jpg]
[redescreation.in/blogs/website-maintenance-checklist-monthly-tasks-for-business-owners/index.html]
[redescreation.in/blogs/conversion-rate-optimization-turning-visitors-into-customers/index.html]
[redescreation.in/blogs/wp-content/uploads/2025/09/d7f1ac7178b0f509b68c69ddaa959027-420x280.jpg]
[redescreation.in/blogs/page/4/index.html]
[redescreation.in/blogs/responsive-web-design-adapting-to-changing-user-behaviors/index.html]
[redescreation.in/blogs/wp-content/uploads/2025/09/IMG-20250926-WA0001-420x280.jpg]
[redescreation.in/blogs/wp-content/uploads/2025/09/91ade4ff3193095432400e8253a53aa9-420x280.jpg]
[redescreation.in/blogs/wp-content/uploads/2025/09/1749bfd5ad842058b64731baa7c1532a-420x280.jpg]
[redescreation.in/blogs/wp-content/uploads/2025/09/262c81e6c8e036091dee987fbc6fe937-420x280.jpg]
[redescreation.in/blogs/google-my-business-optimization-local-tourism-marketing/index.html]
[redescreation.in/blogs/wp-content/uploads/2025/09/ce8964f9cfd876909adb35b344487f03-420x280.jpg]
[redescreation.in/blogs/page/3/index.html]
[redescreation.in/blogs/sunday-strategy-preparing-for-october-digital-marketing-campaigns/index.html]
[redescreation.in/blogs/tourism-website-development-showcasing-travel-destinations/index.html]
[redescreation.in/blogs/digital-marketing-for-travel-industry-post-pandemic-strategies/index.html]
[redescreation.in/blogs/event-management-systems-planning-and-executing-digital-events/index.html]
[redescreation.in/blogs/wp-content/uploads/2025/08/IMG_20250808_204227.jpg]
[redescreation.in/blogs/wp-content/uploads/2025/08/IMG_20250808_203251.jpg]
[redescreation.in/blogs/fitness-industry-digital-marketing-engaging-health-conscious-consumers/index.html]
[redescreation.in/blogs/work-life-balance-in-tech-promoting-employee-wellness/index.html]
[redescreation.in/blogs/wp-content/uploads/2025/08/IMG_20250807_212704.jpg]
[redescreation.in/blogs/healthcare-website-design-womens-health-service-optimization/index.html]
[redescreation.in/blogs/wp-content/uploads/2025/08/Managed-IT-services.jpg]
[redescreation.in/blogs/wp-content/uploads/2025/08/csm_EcholoN-Blog-what-is-an-it-service-it-services-for-companies-definition_d0b44232a0.jpg]
[redescreation.in/blogs/wp-content/uploads/2025/08/360_F_945797040_6QtYog1DkHRYvJy3BKBwOG6giWYkCq0T.jpg]
[redescreation.in/blogs/wp-content/uploads/2025/08/co-working-team-meeting-concept-businessman-using-smart-phone-and-digital-tablet-and-laptop.jpg]
[redescreation.in/blogs/wp-content/uploads/2025/08/66220d38dbc6616e8a96fafc282b4982.jpg]
[redescreation.in/blogs/page/5/index.html]
[redescreation.in/blogs/wp-content/uploads/2025/08/ecc217e5986e846f40de88a9b9e5b0f2.jpg]
[redescreation.in/blogs/wp-content/uploads/2025/08/Screenshot_2025-08-05-19-05-32-59_6012fa4d4ddec268fc5c7112cbb265e7-e1754401591328.jpg]
[redescreation.in/blogs/page/16/index.html]
[redescreation.in/blogs/index4cfb.html]
[redescreation.in/blogs/best-web-development-company-in-coimbatore/index.html]
[redescreation.in/blogs/web-development-agency/index.html]
[redescreation.in/blogs/author/lahari/index.html]
[redescreation.in/blogs/vs-code-extensions-for-web-development/index.html]
[redescreation.in/blogs/it-infrastructure-services/index.html]
[redescreation.in/blogs/tariff-on-it-services/index.html]
[redescreation.in/blogs/exponent-it-training-services/index.html]
[redescreation.in/blogs/wp-json/wp/v2/posts/366.json]
[redescreation.in/blogs/website-designing-company-2/index.html]
[redescreation.in/blogs/website-designing-company/index.html]
[redescreation.in/blogs/graphic-designing-course/index.html]
[redescreation.in/blogs/wp-json/oembed/1.0/embed29c0.json]
[redescreation.in/blogs/best-digital-marketing-agency-in-india/index.html]
[redescreation.in/blogs/wp-json/oembed/1.0/embed4872]
[redescreation.in/blogs/page/15/index.html]
[redescreation.in/blogs/wp-content/uploads/2025/09/IMG_20250917_164314.jpg]
[redescreation.in/blogs/page/14/index.html]
[redescreation.in/blogs/mid-september-website-performance-review-optimization-tips/feed/index.html]
[redescreation.in/blogs/wp-content/uploads/2025/09/9c6ca5d214720894b9df1715166aa7a5-150x150.jpg]
[redescreation.in/blogs/multi-generational-web-design-creating-user-friendly-interfaces-2/index.html]
[redescreation.in/blogs/wp-content/uploads/2025/09/a57ca56beaa1f73b449e86180a6b48b6-150x150.jpg]
[redescreation.in/blogs/mid-september-website-performance-review-optimization-tips/index.html]
[redescreation.in/blogs/index0d79.html]
[redescreation.in/blogs/wp-json/wp/v2/posts/385.json]
[redescreation.in/blogs/crm-implementation-for-educational-institutions-student-success/index.html]
[redescreation.in/blogs/wp-json/oembed/1.0/embed03b3.json]
[redescreation.in/blogs/wp-json/oembed/1.0/embed6a57]
[redescreation.in/blogs/wp-content/uploads/2025/09/00747754ebd11bbd1c960025160e2c29.jpg]
[redescreation.in/blogs/wp-content/uploads/2025/09/IMG_20250918_161635-150x150.jpg]
[redescreation.in/blogs/wp-content/uploads/2025/09/IMG_20250919_204737-150x150.jpg]
[redescreation.in/blogs/friday-feature-top-5-erp-software-solutions-for-small-business/index.html]
[redescreation.in/blogs/how-voice-search-is-changing-seo-strategy/index.html]
[redescreation.in/blogs/indexfdd5.html]
[redescreation.in/blogs/index5ff4.html]
[redescreation.in/blogs/index0745.html]
[redescreation.in/blogs/website-accessibility-compliance-wcag-guidelines-for-businesses/index.html]
[redescreation.in/blogs/search-engine-marketing-ppc-vs-seo-for-educational-institutions/index.html]
[redescreation.in/blogs/friday-feature-top-5-erp-software-solutions-for-small-business/feed/index.html]
[redescreation.in/blogs/wp-json/wp/v2/posts/378.json]
[redescreation.in/blogs/social-media-advertising-for-educational-services-best-practices/feed/index.html]
[redescreation.in/blogs/wp-json/oembed/1.0/embed2557.json]
[redescreation.in/blogs/wp-json/oembed/1.0/embed17ba]
[redescreation.in/blogs/wp-content/uploads/2025/09/IMG_20250918_161142.jpg]
[redescreation.in/blogs/wp-content/uploads/2025/09/773cf3629e6c8bae05535c7a2046082a-150x150.jpg]
[redescreation.in/blogs/social-media-advertising-for-educational-services-best-practices/index.html]
[redescreation.in/blogs/indexb25f.html]
[redescreation.in/blogs/wp-json/wp/v2/posts/276.json]
[redescreation.in/blogs/database-management-for-growing-businesses-mysql-vs-postgresql/index.html]
[redescreation.in/blogs/wp-json/oembed/1.0/embed66d0.json]
[redescreation.in/blogs/wp-json/oembed/1.0/embedcc6a]
[redescreation.in/blogs/wp-content/uploads/2025/09/8bcb4bb3d9dcd1a8ff32087c66555a06.jpg]
[redescreation.in/blogs/wp-content/uploads/2025/09/900ccc17996dd7db982b8a2213e07869-150x150.jpg]
[redescreation.in/blogs/wp-content/uploads/2025/09/b4ce347356bb9bd856ac3b41923e3358-150x150.jpg]
[redescreation.in/blogs/hospital-management-systems-complete-erp-implementation-guide/index.html]
[redescreation.in/blogs/indexe4db.html]
[redescreation.in/blogs/how-erp-helps-in-regulatory-compliance/index.html]
[redescreation.in/blogs/wp-json/wp/v2/posts/322.json]
[redescreation.in/blogs/ai-integration-in-website-development-future-proofing-your-business/index.html]
[redescreation.in/blogs/hospital-management-systems-complete-erp-implementation-guide/feed/index.html]
[redescreation.in/blogs/wp-json/oembed/1.0/embed2374.json]
[redescreation.in/blogs/custom-software-development-when-off-the-shelf-isnt-enough/feed/index.html]
[redescreation.in/blogs/wp-json/oembed/1.0/embede443]
[redescreation.in/blogs/wp-content/uploads/2025/09/179898b6a799d794e926503a3865a3c4.jpg]
[redescreation.in/blogs/wp-content/uploads/2025/09/2ab52e9df3b0f7956897774b6b09a6b4-150x150.jpg]
[redescreation.in/blogs/wp-content/uploads/2025/09/e680b8d6befbe5c8bb28478224095006-150x150.jpg]
[redescreation.in/blogs/custom-software-development-when-off-the-shelf-isnt-enough/index.html]
[redescreation.in/blogs/why-mobile-first-design-is-a-must-in-2025/index.html]
[redescreation.in/blogs/email-marketing-best-practices-nurturing-educational-leads/index.html]
[redescreation.in/blogs/wp-json/wp/v2/posts/359.json]
[redescreation.in/blogs/wp-json/oembed/1.0/embedc85a.json]
[redescreation.in/blogs/wp-json/oembed/1.0/embeda264]
[redescreation.in/blogs/wp-content/uploads/2025/09/baf5874bbe27792f82ccfd8c9f60228e.jpg]
[redescreation.in/blogs/wp-content/uploads/2025/09/054082031eb0f34cd206b928e1217ad6-150x150.jpg]
[redescreation.in/blogs/cross-platform-mobile-app-development-native-vs-hybrid/index.html]
[redescreation.in/blogs/seo-audit-checklist-improving-your-websites-search-rankings/index.html]
[redescreation.in/blogs/global-business-expansion-digital-marketing-for-international-markets/index.html]
[redescreation.in/blogs/wp-json/wp/v2/posts/468.json]
[redescreation.in/blogs/wp-json/oembed/1.0/embed5f1e.json]
[redescreation.in/blogs/website-loading-speed-core-web-vitals-optimization-guide/feed/index.html]
[redescreation.in/blogs/wp-json/oembed/1.0/embed0daf]
[redescreation.in/blogs/wp-content/uploads/2025/09/d7f1ac7178b0f509b68c69ddaa959027.jpg]
[redescreation.in/blogs/wp-content/uploads/2025/09/IMG-20250926-WA0001-150x150.jpg]
[redescreation.in/blogs/cross-platform-mobile-app-development-native-vs-hybrid/feed/index.html]
[redescreation.in/blogs/wp-content/uploads/2025/09/b36f5764a1a0b282b472884343759175-150x150.jpg]
[redescreation.in/blogs/website-loading-speed-core-web-vitals-optimization-guide/index.html]
[redescreation.in/blogs/category/uncategorized/page/2/index.html]
[redescreation.in/blogs/category/uncategorized/page/3/index.html]
[redescreation.in/blogs/category/uncategorized/page/16/index.html]
[redescreation.in/blogs/category/uncategorized/page/5/index.html]
[redescreation.in/blogs/wp-json/wp/v2/users/3.html]
[redescreation.in/blogs/category/uncategorized/page/4/index.html]
[redescreation.in/blogs/social-media-marketing-for-universities-engaging-generation-z/index.html]
[redescreation.in/blogs/category/uncategorized/page/15/index.html]
[redescreation.in/blogs/category/uncategorized/page/14/index.html]
[redescreation.in/blogs/website-backup-solutions-protecting-your-digital-investment/feed/index.html]
[redescreation.in/blogs/wp-json/wp/v2/posts/402.json]
[redescreation.in/blogs/wp-json/oembed/1.0/embeddb41.json]
[redescreation.in/blogs/wp-json/oembed/1.0/embed1c41]
[redescreation.in/blogs/wp-content/uploads/2025/09/1286ad3c8c8dc0346cc4d715d5e4b228.jpg]
[redescreation.in/blogs/wp-content/uploads/2025/09/7473e3713efa479ae79b90d1d89e6233-150x150.jpg]
[redescreation.in/blogs/wp-content/uploads/2025/09/a296f6bd007c2c7fd3633933768e4323-150x150.jpg]
[redescreation.in/blogs/website-backup-solutions-protecting-your-digital-investment/index.html]
[redescreation.in/blogs/author/siri/page/2/index.html]
[redescreation.in/blogs/author/siri/page/3/index.html]
[redescreation.in/blogs/fall-technology-trends-what-it-leaders-should-watch/index.html]
[redescreation.in/blogs/author/siri/page/16/index.html]
[redescreation.in/blogs/digital-marketing-tools-review-free-vs-premium-solutions/index.html]
[redescreation.in/blogs/index6a35.html]
[redescreation.in/blogs/author/siri/page/5/index.html]
[redescreation.in/blogs/author/siri/page/4/index.html]
[redescreation.in/blogs/author/siri/page/15/index.html]
[redescreation.in/blogs/author/siri/page/14/index.html]
[redescreation.in/blogs/encouraging-digital-transformation-overcoming-business-resistance/feed/index.html]
[redescreation.in/blogs/wp-json/wp/v2/posts/319.json]
[redescreation.in/blogs/wp-json/oembed/1.0/embed404d.json]
[redescreation.in/blogs/wp-json/oembed/1.0/embed21b4]
[redescreation.in/blogs/wp-content/uploads/2025/09/2ab52e9df3b0f7956897774b6b09a6b4.jpg]
[redescreation.in/blogs/wp-content/uploads/2025/09/c62ba17a7944535e8d8ed5e7d2f6c660-150x150.jpg]
[redescreation.in/blogs/wp-content/uploads/2025/09/179898b6a799d794e926503a3865a3c4-150x150.jpg]
[redescreation.in/blogs/encouraging-digital-transformation-overcoming-business-resistance/index.html]
[redescreation.in/blogs/index16bc.html]
[redescreation.in/blogs/how-to-improve-website-conversion-rates-with-ui-ux/index.html]
[redescreation.in/blogs/wordpress-security-best-practices-for-business-websites/index.html]
[redescreation.in/blogs/wp-json/wp/v2/posts/301.json]
[redescreation.in/blogs/mobile-first-website-design-essential-for-modern-businesses/feed/index.html]
[redescreation.in/blogs/wp-json/oembed/1.0/embed908a.json]
[redescreation.in/blogs/wp-json/oembed/1.0/embed2536]
[redescreation.in/blogs/wp-content/uploads/2025/09/26dc24dcaf8d1199515a4b400b9f5459.jpg]
[redescreation.in/blogs/wp-content/uploads/2025/09/bef5719a1f36a7f6d540596db5aa8409-1-150x150.jpg]
[redescreation.in/blogs/wp-content/uploads/2025/09/670edee46f008270815dfb6d233a6d1c-150x150.jpg]
[redescreation.in/blogs/mobile-first-website-design-essential-for-modern-businesses/index.html]
[redescreation.in/blogs/indexc37e.html]
[redescreation.in/blogs/digital-marketing-for-healthcare-compliant-patient-acquisition-2/index.html]
[redescreation.in/blogs/wp-json/wp/v2/posts/405.json]
[redescreation.in/blogs/peaceful-user-experience-reducing-website-friction-and-frustration/feed/index.html]
[redescreation.in/blogs/real-estate-crm-integration-property-management-automation/index.html]
[redescreation.in/blogs/wp-json/oembed/1.0/embed0c1b.json]
[redescreation.in/blogs/wp-json/oembed/1.0/embed75fd]
[redescreation.in/blogs/wp-content/uploads/2025/09/a296f6bd007c2c7fd3633933768e4323.jpg]
[redescreation.in/blogs/wp-content/uploads/2025/09/1286ad3c8c8dc0346cc4d715d5e4b228-150x150.jpg]
[redescreation.in/blogs/wp-content/uploads/2025/09/9458e2d725781605791dd837ed3b6145-150x150.jpg]
[redescreation.in/blogs/peaceful-user-experience-reducing-website-friction-and-frustration/index.html]
[redescreation.in/blogs/index3ee1.html]
[redescreation.in/blogs/wp-json/wp/v2/posts/513.json]
[redescreation.in/blogs/how-to-choose-the-right-website-development-partner-in-india/index.html]
[redescreation.in/blogs/team-collaboration-tools-improving-remote-work-productivity/index.html]
[redescreation.in/blogs/wp-json/oembed/1.0/embed04f7.json]
[redescreation.in/blogs/website-security-essentials-for-2025/feed/index.html]
[redescreation.in/blogs/wp-json/oembed/1.0/embed72c7]
[redescreation.in/blogs/wp-content/uploads/2025/10/37cfe872318ba9c6efa1afa374ae6684-1.jpg]
[redescreation.in/blogs/wp-content/uploads/2025/10/c606bb60fa194320d5b643662e969998-150x150.jpg]
[redescreation.in/blogs/website-security-essentials-for-2025/index.html]
[redescreation.in/blogs/employee-training-in-digital-marketing-building-in-house-expertise/index.html]
[redescreation.in/blogs/wp-json/wp/v2/posts/462.json]
[redescreation.in/blogs/early-halloween-marketing-seasonal-e-commerce-strategies/feed/index.html]
[redescreation.in/blogs/wp-json/oembed/1.0/embeddb28.json]
[redescreation.in/blogs/wp-json/oembed/1.0/embed0396]
[redescreation.in/blogs/wp-content/uploads/2025/09/91ade4ff3193095432400e8253a53aa9.jpg]
[redescreation.in/blogs/wp-content/uploads/2025/09/1749bfd5ad842058b64731baa7c1532a-150x150.jpg]
[redescreation.in/blogs/early-halloween-marketing-seasonal-e-commerce-strategies/index.html]
[redescreation.in/blogs/international-seo-strategy-expanding-beyond-local-markets/index.html]
[redescreation.in/blogs/wp-json/wp/v2/posts/510.json]
[redescreation.in/blogs/how-to-protect-your-business-from-ransomware-attacks/feed/index.html]
[redescreation.in/blogs/wp-json/oembed/1.0/embed34ec.json]
[redescreation.in/blogs/wp-json/oembed/1.0/embed5bc3]
[redescreation.in/blogs/wp-content/uploads/2025/10/c606bb60fa194320d5b643662e969998.jpg]
[redescreation.in/blogs/wp-content/uploads/2025/09/bb19aaaab40335f78ee7c6b17c05233a-150x150.jpg]
[redescreation.in/blogs/how-to-protect-your-business-from-ransomware-attacks/index.html]
[redescreation.in/blogs/looking-ahead-october-2025-content-marketing-calendar/feed/index.html]
[redescreation.in/blogs/cloud-hosting-vs-traditional-hosting-which-is-better/index.html]
[redescreation.in/blogs/wp-json/wp/v2/posts/506.json]
[redescreation.in/blogs/wp-json/oembed/1.0/embede111.json]
[redescreation.in/blogs/wp-json/oembed/1.0/embed2693]
[redescreation.in/blogs/wp-content/uploads/2025/09/bb19aaaab40335f78ee7c6b17c05233a.jpg]
[redescreation.in/blogs/wp-content/uploads/2025/09/46baed3ae9cd9ef69cba8abadf7aebe0-150x150.jpg]
[redescreation.in/blogs/looking-ahead-october-2025-content-marketing-calendar/index.html]
[redescreation.in/blogs/weekend-website-maintenance-essential-tasks-for-business-owners/index.html]
[redescreation.in/blogs/september-wrap-up-key-digital-marketing-lessons-learned/feed/index.html]
[redescreation.in/blogs/wp-json/wp/v2/posts/502.json]
[redescreation.in/blogs/wp-json/oembed/1.0/embed7d6d.json]
[redescreation.in/blogs/wp-json/oembed/1.0/embeda9e4]
[redescreation.in/blogs/wp-content/uploads/2025/09/46baed3ae9cd9ef69cba8abadf7aebe0.jpg]
[redescreation.in/blogs/wp-content/uploads/2025/09/d7c79d258c6b1fefd991b210cbbe0cef-150x150.jpg]
[redescreation.in/blogs/september-wrap-up-key-digital-marketing-lessons-learned/index.html]
[redescreation.in/blogs/wp-json/wp/v2/posts/499.json]
[redescreation.in/blogs/podcast-marketing-for-business-building-authority-through-audio/feed/index.html]
[redescreation.in/blogs/wp-json/oembed/1.0/embed5c89.json]
[redescreation.in/blogs/wp-json/oembed/1.0/embedbec0]
[redescreation.in/blogs/wp-content/uploads/2025/09/d7c79d258c6b1fefd991b210cbbe0cef.jpg]
[redescreation.in/blogs/wp-content/uploads/2025/09/4efd9f8f8baffb2b154d5353fc517954-150x150.jpg]
[redescreation.in/blogs/podcast-marketing-for-business-building-authority-through-audio/index.html]
[redescreation.in/blogs/wp-json/wp/v2/posts/496.json]
[redescreation.in/blogs/digital-marketing-budget-planning-q4-2025-strategy-guide/index.html]
[redescreation.in/blogs/advanced-wordpress-development-custom-themes-vs-page-builders/feed/index.html]
[redescreation.in/blogs/wp-json/oembed/1.0/embed2af9.json]
[redescreation.in/blogs/wp-json/oembed/1.0/embedbee3]
[redescreation.in/blogs/wp-content/uploads/2025/09/4efd9f8f8baffb2b154d5353fc517954.jpg]
[redescreation.in/blogs/wp-content/uploads/2025/09/2c95b999d8c63570e52db737d79de893-150x150.jpg]
[redescreation.in/blogs/advanced-wordpress-development-custom-themes-vs-page-builders/index.html]
[redescreation.in/blogs/wp-json/wp/v2/posts/493.json]
[redescreation.in/blogs/preparing-for-q4-digital-strategy-planning-for-business-growth/feed/index.html]
[redescreation.in/blogs/wp-json/oembed/1.0/embed8b8c.json]
[redescreation.in/blogs/wp-json/oembed/1.0/embed00c2]
[redescreation.in/blogs/wp-content/uploads/2025/09/2c95b999d8c63570e52db737d79de893.jpg]
[redescreation.in/blogs/wp-content/uploads/2025/09/23fcf911674e0a7eab8d8f2512a344ea-150x150.jpg]
[redescreation.in/blogs/preparing-for-q4-digital-strategy-planning-for-business-growth/index.html]
[redescreation.in/blogs/wp-json/wp/v2/posts/490.json]
[redescreation.in/blogs/month-end-review-september-digital-marketing-performance-analysis/feed/index.html]
[redescreation.in/blogs/wp-json/oembed/1.0/embed902d.json]
[redescreation.in/blogs/wp-json/oembed/1.0/embedb871]
[redescreation.in/blogs/wp-content/uploads/2025/09/23fcf911674e0a7eab8d8f2512a344ea.jpg]
[redescreation.in/blogs/wp-content/uploads/2025/09/6f149fe76fe3fdaf8a2676482e831733-150x150.jpg]
[redescreation.in/blogs/month-end-review-september-digital-marketing-performance-analysis/index.html]
[redescreation.in/blogs/educational-content-marketing-creating-value-driven-blog-content/index.html]
[redescreation.in/blogs/wp-json/wp/v2/posts/487.json]
[redescreation.in/blogs/conversion-rate-optimization-turning-visitors-into-customers/feed/index.html]
[redescreation.in/blogs/wp-json/oembed/1.0/embed02ac.json]
[redescreation.in/blogs/wp-json/oembed/1.0/embed0309]
[redescreation.in/blogs/wp-content/uploads/2025/09/6f149fe76fe3fdaf8a2676482e831733.jpg]
[redescreation.in/blogs/wp-content/uploads/2025/09/bfdccd6e211d0d953f5a44fd7340f7b1-150x150.jpg]
[redescreation.in/blogs/conversion-rate-optimization-turning-visitors-into-customers/index.html]
[redescreation.in/blogs/wp-json/wp/v2/posts/484.json]
[redescreation.in/blogs/website-maintenance-checklist-monthly-tasks-for-business-owners/feed/index.html]
[redescreation.in/blogs/wp-json/oembed/1.0/embed4c8c.json]
[redescreation.in/blogs/wp-json/oembed/1.0/embedd4e7]
[redescreation.in/blogs/wp-content/uploads/2025/09/bfdccd6e211d0d953f5a44fd7340f7b1.jpg]
[redescreation.in/blogs/wp-content/uploads/2025/09/d4067592ba8a8303cc1b4b39700746db-150x150.jpg]
[redescreation.in/blogs/website-maintenance-checklist-monthly-tasks-for-business-owners/index.html]
[redescreation.in/blogs/wp-content/uploads/2025/09/e0cc933e1959d5511a60569e9bf119ae-420x280.jpg]
[redescreation.in/blogs/wp-content/uploads/2025/09/21a476a750d6a03f43ceab1bc61ee562-420x280.jpg]
[redescreation.in/blogs/the-importance-of-local-seo-for-small-businesses/index.html]
[redescreation.in/blogs/local-business-directory-optimization-improving-online-visibility/index.html]
[redescreation.in/blogs/wp-content/uploads/2025/09/a942e57c6cd988c749c4a104e59825e1-420x280.jpg]
[redescreation.in/blogs/e-learning-platform-development-features-for-educational-success/index.html]
[redescreation.in/blogs/wp-content/uploads/2025/09/640d61b548ec8cd87f3d2827fa2dbbeb-420x280.jpg]
[redescreation.in/blogs/wp-content/uploads/2025/09/49db37d27b6e4db30540fb3974984643-420x280.jpg]
[redescreation.in/blogs/mid-week-motivation-digital-transformation-success-metrics/index.html]
[redescreation.in/blogs/wp-content/uploads/2025/09/76e8ca713917c1b0d8afc3247549f314-420x280.jpg]
[redescreation.in/blogs/wp-content/uploads/2025/09/b9fb0b5d1d8fa35d39539c1cdfe26c5c-420x280.jpg]
[redescreation.in/blogs/higher-education-marketing-attracting-fall-2026-applicants/index.html]
[redescreation.in/blogs/wp-content/uploads/2025/09/95adc3141528dd989e85dd716dfd6924-420x280.jpg]
[redescreation.in/blogs/wp-content/uploads/2025/09/ff4855dbf4b97f4a1aa2b3aac1a7ff92-420x280.jpg]
[redescreation.in/blogs/advanced-seo-techniques-schema-markup-for-business-websites/index.html]
[redescreation.in/blogs/wp-content/uploads/2025/09/3a48eb827e4f3ab06272bfbc9e53c27e-420x280.jpg]
[redescreation.in/blogs/page/4/index.html]
[redescreation.in/blogs/autumn-website-refresh-updating-content-for-seasonal-relevance/index.html]
[redescreation.in/blogs/fall-2025-digital-marketing-strategies-seasonal-campaign-ideas/index.html]
[redescreation.in/blogs/page/6/index.html]
[redescreation.in/blogs/wp-json/wp/v2/posts/436.json]
[redescreation.in/blogs/wp-json/oembed/1.0/embedfdca.json]
[redescreation.in/blogs/sunday-success-planning-your-digital-marketing-week-ahead/index.html]
[redescreation.in/blogs/responsive-web-design-adapting-to-changing-user-behaviors/feed/index.html]
[redescreation.in/blogs/wp-json/oembed/1.0/embed868d]
[redescreation.in/blogs/wp-content/uploads/2025/09/49db37d27b6e4db30540fb3974984643.jpg]
[redescreation.in/blogs/wp-content/uploads/2025/09/76e8ca713917c1b0d8afc3247549f314-150x150.jpg]
[redescreation.in/blogs/wp-content/uploads/2025/09/640d61b548ec8cd87f3d2827fa2dbbeb-150x150.jpg]
[redescreation.in/blogs/responsive-web-design-adapting-to-changing-user-behaviors/index.html]
[redescreation.in/blogs/wp-json/wp/v2/posts/481.json]
[redescreation.in/blogs/sunday-strategy-preparing-for-october-digital-marketing-campaigns/feed/index.html]
[redescreation.in/blogs/wp-json/oembed/1.0/embed5a8d.json]
[redescreation.in/blogs/sunday-strategy-preparing-for-october-digital-marketing-campaigns/index.html]
[redescreation.in/blogs/wp-json/oembed/1.0/embed87a4.html]
[redescreation.in/blogs/google-my-business-optimization-local-tourism-marketing/index.html]
[redescreation.in/blogs/digital-marketing-for-travel-industry-post-pandemic-strategies/index.html]
[redescreation.in/blogs/tourism-website-development-showcasing-travel-destinations/index.html]
[redescreation.in/blogs/event-management-systems-planning-and-executing-digital-events/index.html]
[redescreation.in/blogs/fitness-industry-digital-marketing-engaging-health-conscious-consumers/index.html]
[redescreation.in/blogs/work-life-balance-in-tech-promoting-employee-wellness/index.html]
[redescreation.in/blogs/healthcare-website-design-womens-health-service-optimization/index.html]
[redescreation.in/blogs/page/5/index.html]
[redescreation.in/blogs/best-web-development-company-in-coimbatore/index.html]
[redescreation.in/blogs/author/lahari/index.html]
[redescreation.in/blogs/web-development-agency/index.html]
[redescreation.in/blogs/vs-code-extensions-for-web-development/index.html]
[redescreation.in/blogs/it-infrastructure-services/index.html]
[redescreation.in/blogs/tariff-on-it-services/index.html]
[redescreation.in/blogs/exponent-it-training-services/index.html]
[redescreation.in/blogs/website-designing-company-2/index.html]
[redescreation.in/blogs/graphic-designing-course/index.html]
[redescreation.in/blogs/website-designing-company/index.html]
[redescreation.in/blogs/best-digital-marketing-agency-in-india/index.html]
[redescreation.in/blogs/page/15/index.html]
[redescreation.in/blogs/page/14/index.html]
[redescreation.in/blogs/index7aa0.html]
[redescreation.in/blogs/multi-generational-web-design-creating-user-friendly-interfaces-2/index.html]
[redescreation.in/blogs/crm-implementation-for-educational-institutions-student-success/index.html]
[redescreation.in/blogs/indexf1ac.html]
[redescreation.in/blogs/how-voice-search-is-changing-seo-strategy/index.html]
[redescreation.in/blogs/website-accessibility-compliance-wcag-guidelines-for-businesses/index.html]
[redescreation.in/blogs/search-engine-marketing-ppc-vs-seo-for-educational-institutions/index.html]
[redescreation.in/blogs/indexe8d3.html]
[redescreation.in/blogs/database-management-for-growing-businesses-mysql-vs-postgresql/index.html]
[redescreation.in/blogs/index44be.html]
[redescreation.in/blogs/how-erp-helps-in-regulatory-compliance/index.html]
[redescreation.in/blogs/ai-integration-in-website-development-future-proofing-your-business/index.html]
